  LinkedList.c
C:\Users\dave_\source\repos\MulhernDavid_AdvPP_Proj\MulhernDavid_AdvPP_Proj\LinkedList.c(23,2): warning C4996: 'scanf': This function or variable may be unsafe. Consider using scanf_s instead. To disable deprecation, use _CRT_SECURE_NO_WARNINGS. See online help for details.
C:\Users\dave_\source\repos\MulhernDavid_AdvPP_Proj\MulhernDavid_AdvPP_Proj\LinkedList.c(25,2): warning C4996: 'scanf': This function or variable may be unsafe. Consider using scanf_s instead. To disable deprecation, use _CRT_SECURE_NO_WARNINGS. See online help for details.
C:\Users\dave_\source\repos\MulhernDavid_AdvPP_Proj\MulhernDavid_AdvPP_Proj\LinkedList.c(27,2): warning C4996: 'scanf': This function or variable may be unsafe. Consider using scanf_s instead. To disable deprecation, use _CRT_SECURE_NO_WARNINGS. See online help for details.
C:\Users\dave_\source\repos\MulhernDavid_AdvPP_Proj\MulhernDavid_AdvPP_Proj\LinkedList.c(29,2): warning C4996: 'strcpy': This function or variable may be unsafe. Consider using strcpy_s instead. To disable deprecation, use _CRT_SECURE_NO_WARNINGS. See online help for details.
C:\Users\dave_\source\repos\MulhernDavid_AdvPP_Proj\MulhernDavid_AdvPP_Proj\LinkedList.c(31,2): warning C4996: 'strcpy': This function or variable may be unsafe. Consider using strcpy_s instead. To disable deprecation, use _CRT_SECURE_NO_WARNINGS. See online help for details.
C:\Users\dave_\source\repos\MulhernDavid_AdvPP_Proj\MulhernDavid_AdvPP_Proj\LinkedList.c(33,2): warning C4996: 'strcpy': This function or variable may be unsafe. Consider using strcpy_s instead. To disable deprecation, use _CRT_SECURE_NO_WARNINGS. See online help for details.
C:\Users\dave_\source\repos\MulhernDavid_AdvPP_Proj\MulhernDavid_AdvPP_Proj\LinkedList.c(35,2): warning C4996: 'strcpy': This function or variable may be unsafe. Consider using strcpy_s instead. To disable deprecation, use _CRT_SECURE_NO_WARNINGS. See online help for details.
C:\Users\dave_\source\repos\MulhernDavid_AdvPP_Proj\MulhernDavid_AdvPP_Proj\LinkedList.c(37,2): warning C4996: 'strcpy': This function or variable may be unsafe. Consider using strcpy_s instead. To disable deprecation, use _CRT_SECURE_NO_WARNINGS. See online help for details.
C:\Users\dave_\source\repos\MulhernDavid_AdvPP_Proj\MulhernDavid_AdvPP_Proj\LinkedList.c(66,2): warning C4996: 'scanf': This function or variable may be unsafe. Consider using scanf_s instead. To disable deprecation, use _CRT_SECURE_NO_WARNINGS. See online help for details.
C:\Users\dave_\source\repos\MulhernDavid_AdvPP_Proj\MulhernDavid_AdvPP_Proj\LinkedList.c(68,2): warning C4996: 'scanf': This function or variable may be unsafe. Consider using scanf_s instead. To disable deprecation, use _CRT_SECURE_NO_WARNINGS. See online help for details.
C:\Users\dave_\source\repos\MulhernDavid_AdvPP_Proj\MulhernDavid_AdvPP_Proj\LinkedList.c(70,2): warning C4996: 'scanf': This function or variable may be unsafe. Consider using scanf_s instead. To disable deprecation, use _CRT_SECURE_NO_WARNINGS. See online help for details.
C:\Users\dave_\source\repos\MulhernDavid_AdvPP_Proj\MulhernDavid_AdvPP_Proj\LinkedList.c(72,2): warning C4996: 'scanf': This function or variable may be unsafe. Consider using scanf_s instead. To disable deprecation, use _CRT_SECURE_NO_WARNINGS. See online help for details.
C:\Users\dave_\source\repos\MulhernDavid_AdvPP_Proj\MulhernDavid_AdvPP_Proj\LinkedList.c(74,2): warning C4996: 'strcpy': This function or variable may be unsafe. Consider using strcpy_s instead. To disable deprecation, use _CRT_SECURE_NO_WARNINGS. See online help for details.
C:\Users\dave_\source\repos\MulhernDavid_AdvPP_Proj\MulhernDavid_AdvPP_Proj\LinkedList.c(76,2): warning C4996: 'strcpy': This function or variable may be unsafe. Consider using strcpy_s instead. To disable deprecation, use _CRT_SECURE_NO_WARNINGS. See online help for details.
C:\Users\dave_\source\repos\MulhernDavid_AdvPP_Proj\MulhernDavid_AdvPP_Proj\LinkedList.c(78,2): warning C4996: 'strcpy': This function or variable may be unsafe. Consider using strcpy_s instead. To disable deprecation, use _CRT_SECURE_NO_WARNINGS. See online help for details.
C:\Users\dave_\source\repos\MulhernDavid_AdvPP_Proj\MulhernDavid_AdvPP_Proj\LinkedList.c(80,2): warning C4996: 'strcpy': This function or variable may be unsafe. Consider using strcpy_s instead. To disable deprecation, use _CRT_SECURE_NO_WARNINGS. See online help for details.
C:\Users\dave_\source\repos\MulhernDavid_AdvPP_Proj\MulhernDavid_AdvPP_Proj\LinkedList.c(82,2): warning C4996: 'strcpy': This function or variable may be unsafe. Consider using strcpy_s instead. To disable deprecation, use _CRT_SECURE_NO_WARNINGS. See online help for details.
C:\Users\dave_\source\repos\MulhernDavid_AdvPP_Proj\MulhernDavid_AdvPP_Proj\LinkedList.c(123,2): warning C4996: 'scanf': This function or variable may be unsafe. Consider using scanf_s instead. To disable deprecation, use _CRT_SECURE_NO_WARNINGS. See online help for details.
C:\Users\dave_\source\repos\MulhernDavid_AdvPP_Proj\MulhernDavid_AdvPP_Proj\LinkedList.c(162,2): warning C4996: 'scanf': This function or variable may be unsafe. Consider using scanf_s instead. To disable deprecation, use _CRT_SECURE_NO_WARNINGS. See online help for details.
C:\Users\dave_\source\repos\MulhernDavid_AdvPP_Proj\MulhernDavid_AdvPP_Proj\LinkedList.c(190,2): warning C4996: 'scanf': This function or variable may be unsafe. Consider using scanf_s instead. To disable deprecation, use _CRT_SECURE_NO_WARNINGS. See online help for details.
C:\Users\dave_\source\repos\MulhernDavid_AdvPP_Proj\MulhernDavid_AdvPP_Proj\LinkedList.c(203,5): warning C4996: 'scanf': This function or variable may be unsafe. Consider using scanf_s instead. To disable deprecation, use _CRT_SECURE_NO_WARNINGS. See online help for details.
C:\Users\dave_\source\repos\MulhernDavid_AdvPP_Proj\MulhernDavid_AdvPP_Proj\LinkedList.c(315,2): warning C4996: 'scanf': This function or variable may be unsafe. Consider using scanf_s instead. To disable deprecation, use _CRT_SECURE_NO_WARNINGS. See online help for details.
C:\Users\dave_\source\repos\MulhernDavid_AdvPP_Proj\MulhernDavid_AdvPP_Proj\LinkedList.c(326,4): warning C4996: 'scanf': This function or variable may be unsafe. Consider using scanf_s instead. To disable deprecation, use _CRT_SECURE_NO_WARNINGS. See online help for details.
C:\Users\dave_\source\repos\MulhernDavid_AdvPP_Proj\MulhernDavid_AdvPP_Proj\LinkedList.c(328,4): warning C4996: 'scanf': This function or variable may be unsafe. Consider using scanf_s instead. To disable deprecation, use _CRT_SECURE_NO_WARNINGS. See online help for details.
C:\Users\dave_\source\repos\MulhernDavid_AdvPP_Proj\MulhernDavid_AdvPP_Proj\LinkedList.c(330,4): warning C4996: 'scanf': This function or variable may be unsafe. Consider using scanf_s instead. To disable deprecation, use _CRT_SECURE_NO_WARNINGS. See online help for details.
C:\Users\dave_\source\repos\MulhernDavid_AdvPP_Proj\MulhernDavid_AdvPP_Proj\LinkedList.c(332,4): warning C4996: 'strcpy': This function or variable may be unsafe. Consider using strcpy_s instead. To disable deprecation, use _CRT_SECURE_NO_WARNINGS. See online help for details.
C:\Users\dave_\source\repos\MulhernDavid_AdvPP_Proj\MulhernDavid_AdvPP_Proj\LinkedList.c(335,4): warning C4996: 'strcpy': This function or variable may be unsafe. Consider using strcpy_s instead. To disable deprecation, use _CRT_SECURE_NO_WARNINGS. See online help for details.
C:\Users\dave_\source\repos\MulhernDavid_AdvPP_Proj\MulhernDavid_AdvPP_Proj\LinkedList.c(337,4): warning C4996: 'strcpy': This function or variable may be unsafe. Consider using strcpy_s instead. To disable deprecation, use _CRT_SECURE_NO_WARNINGS. See online help for details.
C:\Users\dave_\source\repos\MulhernDavid_AdvPP_Proj\MulhernDavid_AdvPP_Proj\LinkedList.c(339,4): warning C4996: 'strcpy': This function or variable may be unsafe. Consider using strcpy_s instead. To disable deprecation, use _CRT_SECURE_NO_WARNINGS. See online help for details.
C:\Users\dave_\source\repos\MulhernDavid_AdvPP_Proj\MulhernDavid_AdvPP_Proj\LinkedList.c(341,4): warning C4996: 'strcpy': This function or variable may be unsafe. Consider using strcpy_s instead. To disable deprecation, use _CRT_SECURE_NO_WARNINGS. See online help for details.
C:\Users\dave_\source\repos\MulhernDavid_AdvPP_Proj\MulhernDavid_AdvPP_Proj\LinkedList.c(357,9): warning C4996: 'fopen': This function or variable may be unsafe. Consider using fopen_s instead. To disable deprecation, use _CRT_SECURE_NO_WARNINGS. See online help for details.
C:\Users\dave_\source\repos\MulhernDavid_AdvPP_Proj\MulhernDavid_AdvPP_Proj\LinkedList.c(409,4): warning C4033: 'whatArea' must return a value
C:\Users\dave_\source\repos\MulhernDavid_AdvPP_Proj\MulhernDavid_AdvPP_Proj\LinkedList.c(413,4): warning C4033: 'whatArea' must return a value
C:\Users\dave_\source\repos\MulhernDavid_AdvPP_Proj\MulhernDavid_AdvPP_Proj\LinkedList.c(417,4): warning C4033: 'whatArea' must return a value
C:\Users\dave_\source\repos\MulhernDavid_AdvPP_Proj\MulhernDavid_AdvPP_Proj\LinkedList.c(421,4): warning C4033: 'whatArea' must return a value
C:\Users\dave_\source\repos\MulhernDavid_AdvPP_Proj\MulhernDavid_AdvPP_Proj\LinkedList.c(425,4): warning C4033: 'whatArea' must return a value
C:\Users\dave_\source\repos\MulhernDavid_AdvPP_Proj\MulhernDavid_AdvPP_Proj\LinkedList.c(402,3): warning C4996: 'scanf': This function or variable may be unsafe. Consider using scanf_s instead. To disable deprecation, use _CRT_SECURE_NO_WARNINGS. See online help for details.
C:\Users\dave_\source\repos\MulhernDavid_AdvPP_Proj\MulhernDavid_AdvPP_Proj\LinkedList.c(408,4): warning C4996: 'strcpy': This function or variable may be unsafe. Consider using strcpy_s instead. To disable deprecation, use _CRT_SECURE_NO_WARNINGS. See online help for details.
C:\Users\dave_\source\repos\MulhernDavid_AdvPP_Proj\MulhernDavid_AdvPP_Proj\LinkedList.c(412,4): warning C4996: 'strcpy': This function or variable may be unsafe. Consider using strcpy_s instead. To disable deprecation, use _CRT_SECURE_NO_WARNINGS. See online help for details.
C:\Users\dave_\source\repos\MulhernDavid_AdvPP_Proj\MulhernDavid_AdvPP_Proj\LinkedList.c(416,4): warning C4996: 'strcpy': This function or variable may be unsafe. Consider using strcpy_s instead. To disable deprecation, use _CRT_SECURE_NO_WARNINGS. See online help for details.
C:\Users\dave_\source\repos\MulhernDavid_AdvPP_Proj\MulhernDavid_AdvPP_Proj\LinkedList.c(420,4): warning C4996: 'strcpy': This function or variable may be unsafe. Consider using strcpy_s instead. To disable deprecation, use _CRT_SECURE_NO_WARNINGS. See online help for details.
C:\Users\dave_\source\repos\MulhernDavid_AdvPP_Proj\MulhernDavid_AdvPP_Proj\LinkedList.c(424,4): warning C4996: 'strcpy': This function or variable may be unsafe. Consider using strcpy_s instead. To disable deprecation, use _CRT_SECURE_NO_WARNINGS. See online help for details.
C:\Users\dave_\source\repos\MulhernDavid_AdvPP_Proj\MulhernDavid_AdvPP_Proj\LinkedList.c(451,4): warning C4033: 'ticketType' must return a value
C:\Users\dave_\source\repos\MulhernDavid_AdvPP_Proj\MulhernDavid_AdvPP_Proj\LinkedList.c(454,4): warning C4033: 'ticketType' must return a value
C:\Users\dave_\source\repos\MulhernDavid_AdvPP_Proj\MulhernDavid_AdvPP_Proj\LinkedList.c(445,3): warning C4996: 'scanf': This function or variable may be unsafe. Consider using scanf_s instead. To disable deprecation, use _CRT_SECURE_NO_WARNINGS. See online help for details.
C:\Users\dave_\source\repos\MulhernDavid_AdvPP_Proj\MulhernDavid_AdvPP_Proj\LinkedList.c(450,4): warning C4996: 'strcpy': This function or variable may be unsafe. Consider using strcpy_s instead. To disable deprecation, use _CRT_SECURE_NO_WARNINGS. See online help for details.
C:\Users\dave_\source\repos\MulhernDavid_AdvPP_Proj\MulhernDavid_AdvPP_Proj\LinkedList.c(453,4): warning C4996: 'strcpy': This function or variable may be unsafe. Consider using strcpy_s instead. To disable deprecation, use _CRT_SECURE_NO_WARNINGS. See online help for details.
C:\Users\dave_\source\repos\MulhernDavid_AdvPP_Proj\MulhernDavid_AdvPP_Proj\LinkedList.c(482,4): warning C4033: 'cinTrips' must return a value
C:\Users\dave_\source\repos\MulhernDavid_AdvPP_Proj\MulhernDavid_AdvPP_Proj\LinkedList.c(485,4): warning C4033: 'cinTrips' must return a value
C:\Users\dave_\source\repos\MulhernDavid_AdvPP_Proj\MulhernDavid_AdvPP_Proj\LinkedList.c(488,4): warning C4033: 'cinTrips' must return a value
C:\Users\dave_\source\repos\MulhernDavid_AdvPP_Proj\MulhernDavid_AdvPP_Proj\LinkedList.c(476,3): warning C4996: 'scanf': This function or variable may be unsafe. Consider using scanf_s instead. To disable deprecation, use _CRT_SECURE_NO_WARNINGS. See online help for details.
C:\Users\dave_\source\repos\MulhernDavid_AdvPP_Proj\MulhernDavid_AdvPP_Proj\LinkedList.c(481,4): warning C4996: 'strcpy': This function or variable may be unsafe. Consider using strcpy_s instead. To disable deprecation, use _CRT_SECURE_NO_WARNINGS. See online help for details.
C:\Users\dave_\source\repos\MulhernDavid_AdvPP_Proj\MulhernDavid_AdvPP_Proj\LinkedList.c(484,4): warning C4996: 'strcpy': This function or variable may be unsafe. Consider using strcpy_s instead. To disable deprecation, use _CRT_SECURE_NO_WARNINGS. See online help for details.
C:\Users\dave_\source\repos\MulhernDavid_AdvPP_Proj\MulhernDavid_AdvPP_Proj\LinkedList.c(487,4): warning C4996: 'strcpy': This function or variable may be unsafe. Consider using strcpy_s instead. To disable deprecation, use _CRT_SECURE_NO_WARNINGS. See online help for details.
C:\Users\dave_\source\repos\MulhernDavid_AdvPP_Proj\MulhernDavid_AdvPP_Proj\LinkedList.c(516,4): warning C4033: 'avgSpend' must return a value
C:\Users\dave_\source\repos\MulhernDavid_AdvPP_Proj\MulhernDavid_AdvPP_Proj\LinkedList.c(519,4): warning C4033: 'avgSpend' must return a value
C:\Users\dave_\source\repos\MulhernDavid_AdvPP_Proj\MulhernDavid_AdvPP_Proj\LinkedList.c(522,4): warning C4033: 'avgSpend' must return a value
C:\Users\dave_\source\repos\MulhernDavid_AdvPP_Proj\MulhernDavid_AdvPP_Proj\LinkedList.c(525,4): warning C4033: 'avgSpend' must return a value
C:\Users\dave_\source\repos\MulhernDavid_AdvPP_Proj\MulhernDavid_AdvPP_Proj\LinkedList.c(510,3): warning C4996: 'scanf': This function or variable may be unsafe. Consider using scanf_s instead. To disable deprecation, use _CRT_SECURE_NO_WARNINGS. See online help for details.
C:\Users\dave_\source\repos\MulhernDavid_AdvPP_Proj\MulhernDavid_AdvPP_Proj\LinkedList.c(515,4): warning C4996: 'strcpy': This function or variable may be unsafe. Consider using strcpy_s instead. To disable deprecation, use _CRT_SECURE_NO_WARNINGS. See online help for details.
C:\Users\dave_\source\repos\MulhernDavid_AdvPP_Proj\MulhernDavid_AdvPP_Proj\LinkedList.c(518,4): warning C4996: 'strcpy': This function or variable may be unsafe. Consider using strcpy_s instead. To disable deprecation, use _CRT_SECURE_NO_WARNINGS. See online help for details.
C:\Users\dave_\source\repos\MulhernDavid_AdvPP_Proj\MulhernDavid_AdvPP_Proj\LinkedList.c(521,4): warning C4996: 'strcpy': This function or variable may be unsafe. Consider using strcpy_s instead. To disable deprecation, use _CRT_SECURE_NO_WARNINGS. See online help for details.
C:\Users\dave_\source\repos\MulhernDavid_AdvPP_Proj\MulhernDavid_AdvPP_Proj\LinkedList.c(524,4): warning C4996: 'strcpy': This function or variable may be unsafe. Consider using strcpy_s instead. To disable deprecation, use _CRT_SECURE_NO_WARNINGS. See online help for details.
C:\Users\dave_\source\repos\MulhernDavid_AdvPP_Proj\MulhernDavid_AdvPP_Proj\LinkedList.c(540,2): warning C4996: 'scanf': This function or variable may be unsafe. Consider using scanf_s instead. To disable deprecation, use _CRT_SECURE_NO_WARNINGS. See online help for details.
C:\Users\dave_\source\repos\MulhernDavid_AdvPP_Proj\MulhernDavid_AdvPP_Proj\LinkedList.c(541,2): warning C4996: 'strcpy': This function or variable may be unsafe. Consider using strcpy_s instead. To disable deprecation, use _CRT_SECURE_NO_WARNINGS. See online help for details.
C:\Users\dave_\source\repos\MulhernDavid_AdvPP_Proj\MulhernDavid_AdvPP_Proj\LinkedList.c(552,4): warning C4996: 'scanf': This function or variable may be unsafe. Consider using scanf_s instead. To disable deprecation, use _CRT_SECURE_NO_WARNINGS. See online help for details.
C:\Users\dave_\source\repos\MulhernDavid_AdvPP_Proj\MulhernDavid_AdvPP_Proj\LinkedList.c(553,4): warning C4996: 'strcpy': This function or variable may be unsafe. Consider using strcpy_s instead. To disable deprecation, use _CRT_SECURE_NO_WARNINGS. See online help for details.
C:\Users\dave_\source\repos\MulhernDavid_AdvPP_Proj\MulhernDavid_AdvPP_Proj\LinkedList.c(662,9): warning C4996: 'fopen': This function or variable may be unsafe. Consider using fopen_s instead. To disable deprecation, use _CRT_SECURE_NO_WARNINGS. See online help for details.
C:\Users\dave_\source\repos\MulhernDavid_AdvPP_Proj\MulhernDavid_AdvPP_Proj\LinkedList.c(685,4): warning C4996: 'strcpy': This function or variable may be unsafe. Consider using strcpy_s instead. To disable deprecation, use _CRT_SECURE_NO_WARNINGS. See online help for details.
C:\Users\dave_\source\repos\MulhernDavid_AdvPP_Proj\MulhernDavid_AdvPP_Proj\LinkedList.c(687,4): warning C4996: 'strcpy': This function or variable may be unsafe. Consider using strcpy_s instead. To disable deprecation, use _CRT_SECURE_NO_WARNINGS. See online help for details.
C:\Users\dave_\source\repos\MulhernDavid_AdvPP_Proj\MulhernDavid_AdvPP_Proj\LinkedList.c(689,4): warning C4996: 'strcpy': This function or variable may be unsafe. Consider using strcpy_s instead. To disable deprecation, use _CRT_SECURE_NO_WARNINGS. See online help for details.
C:\Users\dave_\source\repos\MulhernDavid_AdvPP_Proj\MulhernDavid_AdvPP_Proj\LinkedList.c(691,4): warning C4996: 'strcpy': This function or variable may be unsafe. Consider using strcpy_s instead. To disable deprecation, use _CRT_SECURE_NO_WARNINGS. See online help for details.
C:\Users\dave_\source\repos\MulhernDavid_AdvPP_Proj\MulhernDavid_AdvPP_Proj\LinkedList.c(796,14): warning C4996: 'fopen': This function or variable may be unsafe. Consider using fopen_s instead. To disable deprecation, use _CRT_SECURE_NO_WARNINGS. See online help for details.
C:\Users\dave_\source\repos\MulhernDavid_AdvPP_Proj\MulhernDavid_AdvPP_Proj\LinkedList.c(805,3): warning C4996: 'fscanf': This function or variable may be unsafe. Consider using fscanf_s instead. To disable deprecation, use _CRT_SECURE_NO_WARNINGS. See online help for details.
C:\Users\dave_\source\repos\MulhernDavid_AdvPP_Proj\MulhernDavid_AdvPP_Proj\LinkedList.c(806,3): warning C4996: 'fscanf': This function or variable may be unsafe. Consider using fscanf_s instead. To disable deprecation, use _CRT_SECURE_NO_WARNINGS. See online help for details.
C:\Users\dave_\source\repos\MulhernDavid_AdvPP_Proj\MulhernDavid_AdvPP_Proj\LinkedList.c(807,3): warning C4996: 'fscanf': This function or variable may be unsafe. Consider using fscanf_s instead. To disable deprecation, use _CRT_SECURE_NO_WARNINGS. See online help for details.
C:\Users\dave_\source\repos\MulhernDavid_AdvPP_Proj\MulhernDavid_AdvPP_Proj\LinkedList.c(808,3): warning C4996: 'fscanf': This function or variable may be unsafe. Consider using fscanf_s instead. To disable deprecation, use _CRT_SECURE_NO_WARNINGS. See online help for details.
C:\Users\dave_\source\repos\MulhernDavid_AdvPP_Proj\MulhernDavid_AdvPP_Proj\LinkedList.c(809,3): warning C4996: 'fscanf': This function or variable may be unsafe. Consider using fscanf_s instead. To disable deprecation, use _CRT_SECURE_NO_WARNINGS. See online help for details.
C:\Users\dave_\source\repos\MulhernDavid_AdvPP_Proj\MulhernDavid_AdvPP_Proj\LinkedList.c(810,3): warning C4996: 'fscanf': This function or variable may be unsafe. Consider using fscanf_s instead. To disable deprecation, use _CRT_SECURE_NO_WARNINGS. See online help for details.
C:\Users\dave_\source\repos\MulhernDavid_AdvPP_Proj\MulhernDavid_AdvPP_Proj\LinkedList.c(811,3): warning C4996: 'strcpy': This function or variable may be unsafe. Consider using strcpy_s instead. To disable deprecation, use _CRT_SECURE_NO_WARNINGS. See online help for details.
C:\Users\dave_\source\repos\MulhernDavid_AdvPP_Proj\MulhernDavid_AdvPP_Proj\LinkedList.c(813,3): warning C4996: 'fscanf': This function or variable may be unsafe. Consider using fscanf_s instead. To disable deprecation, use _CRT_SECURE_NO_WARNINGS. See online help for details.
C:\Users\dave_\source\repos\MulhernDavid_AdvPP_Proj\MulhernDavid_AdvPP_Proj\LinkedList.c(814,3): warning C4996: 'strcpy': This function or variable may be unsafe. Consider using strcpy_s instead. To disable deprecation, use _CRT_SECURE_NO_WARNINGS. See online help for details.
C:\Users\dave_\source\repos\MulhernDavid_AdvPP_Proj\MulhernDavid_AdvPP_Proj\LinkedList.c(815,3): warning C4996: 'fscanf': This function or variable may be unsafe. Consider using fscanf_s instead. To disable deprecation, use _CRT_SECURE_NO_WARNINGS. See online help for details.
C:\Users\dave_\source\repos\MulhernDavid_AdvPP_Proj\MulhernDavid_AdvPP_Proj\LinkedList.c(816,3): warning C4996: 'strcpy': This function or variable may be unsafe. Consider using strcpy_s instead. To disable deprecation, use _CRT_SECURE_NO_WARNINGS. See online help for details.
C:\Users\dave_\source\repos\MulhernDavid_AdvPP_Proj\MulhernDavid_AdvPP_Proj\LinkedList.c(817,3): warning C4996: 'fscanf': This function or variable may be unsafe. Consider using fscanf_s instead. To disable deprecation, use _CRT_SECURE_NO_WARNINGS. See online help for details.
C:\Users\dave_\source\repos\MulhernDavid_AdvPP_Proj\MulhernDavid_AdvPP_Proj\LinkedList.c(818,3): warning C4996: 'strcpy': This function or variable may be unsafe. Consider using strcpy_s instead. To disable deprecation, use _CRT_SECURE_NO_WARNINGS. See online help for details.
C:\Users\dave_\source\repos\MulhernDavid_AdvPP_Proj\MulhernDavid_AdvPP_Proj\LinkedList.c(829,4): warning C4996: 'fscanf': This function or variable may be unsafe. Consider using fscanf_s instead. To disable deprecation, use _CRT_SECURE_NO_WARNINGS. See online help for details.
C:\Users\dave_\source\repos\MulhernDavid_AdvPP_Proj\MulhernDavid_AdvPP_Proj\LinkedList.c(830,4): warning C4996: 'fscanf': This function or variable may be unsafe. Consider using fscanf_s instead. To disable deprecation, use _CRT_SECURE_NO_WARNINGS. See online help for details.
C:\Users\dave_\source\repos\MulhernDavid_AdvPP_Proj\MulhernDavid_AdvPP_Proj\LinkedList.c(831,4): warning C4996: 'fscanf': This function or variable may be unsafe. Consider using fscanf_s instead. To disable deprecation, use _CRT_SECURE_NO_WARNINGS. See online help for details.
C:\Users\dave_\source\repos\MulhernDavid_AdvPP_Proj\MulhernDavid_AdvPP_Proj\LinkedList.c(832,4): warning C4996: 'fscanf': This function or variable may be unsafe. Consider using fscanf_s instead. To disable deprecation, use _CRT_SECURE_NO_WARNINGS. See online help for details.
C:\Users\dave_\source\repos\MulhernDavid_AdvPP_Proj\MulhernDavid_AdvPP_Proj\LinkedList.c(833,4): warning C4996: 'fscanf': This function or variable may be unsafe. Consider using fscanf_s instead. To disable deprecation, use _CRT_SECURE_NO_WARNINGS. See online help for details.
C:\Users\dave_\source\repos\MulhernDavid_AdvPP_Proj\MulhernDavid_AdvPP_Proj\LinkedList.c(834,4): warning C4996: 'fscanf': This function or variable may be unsafe. Consider using fscanf_s instead. To disable deprecation, use _CRT_SECURE_NO_WARNINGS. See online help for details.
C:\Users\dave_\source\repos\MulhernDavid_AdvPP_Proj\MulhernDavid_AdvPP_Proj\LinkedList.c(835,4): warning C4996: 'strcpy': This function or variable may be unsafe. Consider using strcpy_s instead. To disable deprecation, use _CRT_SECURE_NO_WARNINGS. See online help for details.
C:\Users\dave_\source\repos\MulhernDavid_AdvPP_Proj\MulhernDavid_AdvPP_Proj\LinkedList.c(837,4): warning C4996: 'fscanf': This function or variable may be unsafe. Consider using fscanf_s instead. To disable deprecation, use _CRT_SECURE_NO_WARNINGS. See online help for details.
C:\Users\dave_\source\repos\MulhernDavid_AdvPP_Proj\MulhernDavid_AdvPP_Proj\LinkedList.c(838,4): warning C4996: 'strcpy': This function or variable may be unsafe. Consider using strcpy_s instead. To disable deprecation, use _CRT_SECURE_NO_WARNINGS. See online help for details.
C:\Users\dave_\source\repos\MulhernDavid_AdvPP_Proj\MulhernDavid_AdvPP_Proj\LinkedList.c(839,4): warning C4996: 'fscanf': This function or variable may be unsafe. Consider using fscanf_s instead. To disable deprecation, use _CRT_SECURE_NO_WARNINGS. See online help for details.
C:\Users\dave_\source\repos\MulhernDavid_AdvPP_Proj\MulhernDavid_AdvPP_Proj\LinkedList.c(840,4): warning C4996: 'strcpy': This function or variable may be unsafe. Consider using strcpy_s instead. To disable deprecation, use _CRT_SECURE_NO_WARNINGS. See online help for details.
C:\Users\dave_\source\repos\MulhernDavid_AdvPP_Proj\MulhernDavid_AdvPP_Proj\LinkedList.c(841,4): warning C4996: 'fscanf': This function or variable may be unsafe. Consider using fscanf_s instead. To disable deprecation, use _CRT_SECURE_NO_WARNINGS. See online help for details.
C:\Users\dave_\source\repos\MulhernDavid_AdvPP_Proj\MulhernDavid_AdvPP_Proj\LinkedList.c(842,4): warning C4996: 'strcpy': This function or variable may be unsafe. Consider using strcpy_s instead. To disable deprecation, use _CRT_SECURE_NO_WARNINGS. See online help for details.
C:\Users\dave_\source\repos\MulhernDavid_AdvPP_Proj\MulhernDavid_AdvPP_Proj\LinkedList.c(946,2): warning C4996: 'sscanf': This function or variable may be unsafe. Consider using sscanf_s instead. To disable deprecation, use _CRT_SECURE_NO_WARNINGS. See online help for details.
  Source.c
C:\Users\dave_\source\repos\MulhernDavid_AdvPP_Proj\MulhernDavid_AdvPP_Proj\Source.c(83,31): warning C4020: 'addCustomerSorted': too many actual parameters
C:\Users\dave_\source\repos\MulhernDavid_AdvPP_Proj\MulhernDavid_AdvPP_Proj\Source.c(28,14): warning C4996: 'fopen': This function or variable may be unsafe. Consider using fopen_s instead. To disable deprecation, use _CRT_SECURE_NO_WARNINGS. See online help for details.
C:\Users\dave_\source\repos\MulhernDavid_AdvPP_Proj\MulhernDavid_AdvPP_Proj\Source.c(37,4): warning C4996: 'fscanf': This function or variable may be unsafe. Consider using fscanf_s instead. To disable deprecation, use _CRT_SECURE_NO_WARNINGS. See online help for details.
C:\Users\dave_\source\repos\MulhernDavid_AdvPP_Proj\MulhernDavid_AdvPP_Proj\Source.c(38,4): warning C4996: 'fscanf': This function or variable may be unsafe. Consider using fscanf_s instead. To disable deprecation, use _CRT_SECURE_NO_WARNINGS. See online help for details.
C:\Users\dave_\source\repos\MulhernDavid_AdvPP_Proj\MulhernDavid_AdvPP_Proj\Source.c(39,4): warning C4996: 'strcpy': This function or variable may be unsafe. Consider using strcpy_s instead. To disable deprecation, use _CRT_SECURE_NO_WARNINGS. See online help for details.
C:\Users\dave_\source\repos\MulhernDavid_AdvPP_Proj\MulhernDavid_AdvPP_Proj\Source.c(40,4): warning C4996: 'strcpy': This function or variable may be unsafe. Consider using strcpy_s instead. To disable deprecation, use _CRT_SECURE_NO_WARNINGS. See online help for details.
C:\Users\dave_\source\repos\MulhernDavid_AdvPP_Proj\MulhernDavid_AdvPP_Proj\Source.c(70,3): warning C4996: 'scanf': This function or variable may be unsafe. Consider using scanf_s instead. To disable deprecation, use _CRT_SECURE_NO_WARNINGS. See online help for details.
C:\Users\dave_\source\repos\MulhernDavid_AdvPP_Proj\MulhernDavid_AdvPP_Proj\Source.c(136,4): warning C4996: 'scanf': This function or variable may be unsafe. Consider using scanf_s instead. To disable deprecation, use _CRT_SECURE_NO_WARNINGS. See online help for details.
C:\Users\dave_\source\repos\MulhernDavid_AdvPP_Proj\MulhernDavid_AdvPP_Proj\Source.c(26,13): warning C4101: 'temp2': unreferenced local variable
C:\Users\dave_\source\repos\MulhernDavid_AdvPP_Proj\MulhernDavid_AdvPP_Proj\Source.c(25,13): warning C4101: 'temp': unreferenced local variable
  Generating Code...
C:\Users\dave_\source\repos\MulhernDavid_AdvPP_Proj\MulhernDavid_AdvPP_Proj\LinkedList.c(432): warning C4715: 'whatArea': not all control paths return a value
C:\Users\dave_\source\repos\MulhernDavid_AdvPP_Proj\MulhernDavid_AdvPP_Proj\LinkedList.c(495): warning C4715: 'cinTrips': not all control paths return a value
C:\Users\dave_\source\repos\MulhernDavid_AdvPP_Proj\MulhernDavid_AdvPP_Proj\LinkedList.c(462): warning C4715: 'ticketType': not all control paths return a value
C:\Users\dave_\source\repos\MulhernDavid_AdvPP_Proj\MulhernDavid_AdvPP_Proj\LinkedList.c(532): warning C4715: 'avgSpend': not all control paths return a value
C:\Users\dave_\source\repos\MulhernDavid_AdvPP_Proj\MulhernDavid_AdvPP_Proj\LinkedList.c(431): warning C4172: returning address of local variable or temporary: area
C:\Users\dave_\source\repos\MulhernDavid_AdvPP_Proj\MulhernDavid_AdvPP_Proj\LinkedList.c(461): warning C4172: returning address of local variable or temporary: ticket
C:\Users\dave_\source\repos\MulhernDavid_AdvPP_Proj\MulhernDavid_AdvPP_Proj\LinkedList.c(531): warning C4172: returning address of local variable or temporary: average
C:\Users\dave_\source\repos\MulhernDavid_AdvPP_Proj\MulhernDavid_AdvPP_Proj\LinkedList.c(548): warning C4172: returning address of local variable or temporary: email
C:\Users\dave_\source\repos\MulhernDavid_AdvPP_Proj\MulhernDavid_AdvPP_Proj\LinkedList.c(557): warning C4172: returning address of local variable or temporary: email
C:\Users\dave_\source\repos\MulhernDavid_AdvPP_Proj\MulhernDavid_AdvPP_Proj\LinkedList.c(494): warning C4172: returning address of local variable or temporary: tripDesc
  MulhernDavid_AdvPP_Proj.vcxproj -> C:\Users\dave_\source\repos\MulhernDavid_AdvPP_Proj\Debug\MulhernDavid_AdvPP_Proj.exe
